
Thu Aug 12 10:55:35 2021 https://www.jisilu.cn/data/cbnew/cb_list/?___jsl=LST___t=1584777951900
Thu Aug 12 10:57:57 2021 https://www.jisilu.cn/data/cbnew/cb_list/?___jsl=LST___t=1584777951900
Thu Aug 12 10:59:16 2021 https://www.jisilu.cn/data/cbnew/cb_list/?___jsl=LST___t=1584777951900
Thu Aug 12 14:28:20 2021 https://www.jisilu.cn/account/ajax/login_process/
Thu Aug 12 14:29:35 2021 https://www.jisilu.cn/data/cbnew/cb_list/?___jsl=LST___t=1584777951900
Thu Aug 12 14:32:50 2021 https://www.jisilu.cn/data/cbnew/cb_list/?___jsl=LST___t=1584777951900
Tue Aug 24 10:22:23 2021 https://www.jisilu.cn/account/ajax/login_process/
Tue Aug 24 10:22:26 2021 https://www.jisilu.cn/account/ajax/login_process/
Tue Aug 24 10:22:29 2021 https://www.jisilu.cn/account/ajax/login_process/
Tue Aug 24 10:22:32 2021 https://www.jisilu.cn/account/ajax/login_process/
Tue Aug 24 10:22:35 2021 https://www.jisilu.cn/account/ajax/login_process/
Tue Aug 24 10:22:38 2021 https://www.jisilu.cn/account/ajax/login_process/
Tue Aug 24 10:22:41 2021 https://www.jisilu.cn/account/ajax/login_process/
Tue Aug 24 10:22:44 2021 https://www.jisilu.cn/account/ajax/login_process/
Tue Aug 24 10:22:47 2021 https://www.jisilu.cn/account/ajax/login_process/
Tue Aug 24 10:22:47 2021 集思录数据获取异常
Thu Sep  9 14:26:43 2021 https://www.jisilu.cn/data/cbnew/cb_list/?___jsl=LST___t=1584777951900
Wed Sep 22 12:46:13 2021 https://www.jisilu.cn/account/ajax/login_process/
Wed Sep 22 12:46:16 2021 https://www.jisilu.cn/account/ajax/login_process/
Wed Sep 22 12:46:19 2021 https://www.jisilu.cn/account/ajax/login_process/
Wed Sep 22 12:46:22 2021 https://www.jisilu.cn/account/ajax/login_process/
Wed Sep 22 12:46:25 2021 https://www.jisilu.cn/account/ajax/login_process/
Wed Sep 22 12:46:28 2021 https://www.jisilu.cn/account/ajax/login_process/
Wed Sep 22 12:46:31 2021 https://www.jisilu.cn/account/ajax/login_process/
Wed Sep 22 12:46:34 2021 https://www.jisilu.cn/account/ajax/login_process/
Wed Sep 22 12:46:37 2021 https://www.jisilu.cn/account/ajax/login_process/
Wed Sep 22 12:46:37 2021 集思录数据获取异常
Tue Oct 12 13:54:29 2021 https://www.jisilu.cn/account/ajax/login_process/
Tue Oct 12 13:54:32 2021 https://www.jisilu.cn/account/ajax/login_process/
Tue Oct 12 13:54:35 2021 https://www.jisilu.cn/account/ajax/login_process/
Tue Oct 12 13:54:38 2021 https://www.jisilu.cn/account/ajax/login_process/
Tue Oct 12 13:54:41 2021 https://www.jisilu.cn/account/ajax/login_process/
Tue Oct 12 13:54:44 2021 https://www.jisilu.cn/account/ajax/login_process/
Tue Oct 12 13:54:47 2021 https://www.jisilu.cn/account/ajax/login_process/
Tue Oct 12 13:54:50 2021 https://www.jisilu.cn/account/ajax/login_process/
Tue Oct 12 13:54:53 2021 https://www.jisilu.cn/account/ajax/login_process/
Tue Oct 12 13:54:53 2021 集思录数据获取异常
Wed Oct 27 14:29:29 2021 https://www.jisilu.cn/account/ajax/login_process/
Wed Oct 27 14:29:32 2021 https://www.jisilu.cn/account/ajax/login_process/
Wed Oct 27 14:29:35 2021 https://www.jisilu.cn/account/ajax/login_process/
Wed Oct 27 14:29:38 2021 https://www.jisilu.cn/account/ajax/login_process/
Wed Oct 27 14:29:41 2021 https://www.jisilu.cn/account/ajax/login_process/
Wed Oct 27 14:29:44 2021 https://www.jisilu.cn/account/ajax/login_process/
Wed Oct 27 14:29:47 2021 https://www.jisilu.cn/account/ajax/login_process/
Wed Oct 27 14:29:50 2021 https://www.jisilu.cn/account/ajax/login_process/
Wed Oct 27 14:29:53 2021 https://www.jisilu.cn/account/ajax/login_process/
Wed Oct 27 14:29:53 2021 集思录数据获取异常
Tue Nov  2 11:28:19 2021 https://www.jisilu.cn/account/ajax/login_process/
Tue Nov  2 11:28:22 2021 https://www.jisilu.cn/account/ajax/login_process/
Tue Nov  2 11:28:25 2021 https://www.jisilu.cn/account/ajax/login_process/
Tue Nov  2 11:28:28 2021 https://www.jisilu.cn/account/ajax/login_process/
Tue Nov  2 11:28:31 2021 https://www.jisilu.cn/account/ajax/login_process/
Tue Nov  2 11:28:34 2021 https://www.jisilu.cn/account/ajax/login_process/
Tue Nov  2 11:28:37 2021 https://www.jisilu.cn/account/ajax/login_process/
Tue Nov  2 11:28:40 2021 https://www.jisilu.cn/account/ajax/login_process/
Tue Nov  2 11:28:43 2021 https://www.jisilu.cn/account/ajax/login_process/
Tue Nov  2 11:28:43 2021 集思录数据获取异常
Tue Nov 23 16:59:15 2021 https://www.jisilu.cn/account/ajax/login_process/
Tue Nov 23 16:59:18 2021 https://www.jisilu.cn/account/ajax/login_process/
Tue Nov 23 16:59:21 2021 https://www.jisilu.cn/account/ajax/login_process/
Tue Nov 23 16:59:24 2021 https://www.jisilu.cn/account/ajax/login_process/
Tue Nov 23 16:59:27 2021 https://www.jisilu.cn/account/ajax/login_process/
Tue Nov 23 16:59:30 2021 https://www.jisilu.cn/account/ajax/login_process/
Tue Nov 23 16:59:33 2021 https://www.jisilu.cn/account/ajax/login_process/
Tue Nov 23 16:59:36 2021 https://www.jisilu.cn/account/ajax/login_process/
Tue Nov 23 16:59:39 2021 https://www.jisilu.cn/account/ajax/login_process/
Tue Nov 23 16:59:39 2021 集思录数据获取异常
Wed Nov 24 10:13:50 2021 https://www.jisilu.cn/account/ajax/login_process/
Wed Nov 24 10:13:53 2021 https://www.jisilu.cn/account/ajax/login_process/
Wed Nov 24 10:13:56 2021 https://www.jisilu.cn/account/ajax/login_process/
Wed Nov 24 10:13:59 2021 https://www.jisilu.cn/account/ajax/login_process/
Wed Nov 24 10:14:02 2021 https://www.jisilu.cn/account/ajax/login_process/
Wed Nov 24 10:14:05 2021 https://www.jisilu.cn/account/ajax/login_process/
Wed Nov 24 10:14:08 2021 https://www.jisilu.cn/account/ajax/login_process/
Wed Nov 24 10:14:11 2021 https://www.jisilu.cn/account/ajax/login_process/
Wed Nov 24 10:14:15 2021 https://www.jisilu.cn/account/ajax/login_process/
Wed Nov 24 10:14:15 2021 集思录数据获取异常
Wed Dec  1 14:53:21 2021 https://www.jisilu.cn/account/ajax/login_process/
Thu Dec  2 09:16:56 2021 https://www.jisilu.cn/data/cbnew/cb_list/?___jsl=LST___t=1584777951900
Thu Dec  2 09:22:15 2021 https://www.jisilu.cn/data/cbnew/cb_list/?___jsl=LST___t=1584777951900
Thu Dec  2 09:33:08 2021 https://www.jisilu.cn/account/ajax/login_process/
Thu Dec  9 14:33:51 2021 https://www.jisilu.cn/account/ajax/login_process/
Thu Dec  9 14:33:56 2021 https://www.jisilu.cn/account/ajax/login_process/
Thu Dec  9 14:33:59 2021 https://www.jisilu.cn/account/ajax/login_process/
Thu Dec  9 14:34:02 2021 https://www.jisilu.cn/account/ajax/login_process/
Thu Dec  9 14:34:05 2021 https://www.jisilu.cn/account/ajax/login_process/
Thu Dec  9 14:34:08 2021 https://www.jisilu.cn/account/ajax/login_process/
Thu Dec  9 14:34:11 2021 https://www.jisilu.cn/account/ajax/login_process/
Thu Dec  9 14:34:14 2021 https://www.jisilu.cn/account/ajax/login_process/
Thu Dec  9 14:34:17 2021 https://www.jisilu.cn/account/ajax/login_process/
Thu Dec  9 14:34:17 2021 集思录数据获取异常
Thu Dec  9 14:42:07 2021 https://www.jisilu.cn/account/ajax/login_process/
Thu Dec  9 14:42:10 2021 https://www.jisilu.cn/account/ajax/login_process/
Thu Dec  9 14:42:13 2021 https://www.jisilu.cn/account/ajax/login_process/
Thu Dec  9 14:42:16 2021 https://www.jisilu.cn/account/ajax/login_process/
Thu Dec  9 14:42:19 2021 https://www.jisilu.cn/account/ajax/login_process/
Thu Dec  9 14:42:22 2021 https://www.jisilu.cn/account/ajax/login_process/
Thu Dec  9 14:42:25 2021 https://www.jisilu.cn/account/ajax/login_process/
Thu Dec  9 14:42:28 2021 https://www.jisilu.cn/account/ajax/login_process/
Thu Dec  9 14:42:31 2021 https://www.jisilu.cn/account/ajax/login_process/
Thu Dec  9 14:42:31 2021 集思录数据获取异常
Thu Dec  9 14:43:43 2021 https://www.jisilu.cn/account/ajax/login_process/
Thu Dec  9 14:43:46 2021 https://www.jisilu.cn/account/ajax/login_process/
Thu Dec  9 14:43:49 2021 https://www.jisilu.cn/account/ajax/login_process/
Thu Dec  9 14:43:52 2021 https://www.jisilu.cn/account/ajax/login_process/
Thu Dec  9 14:43:55 2021 https://www.jisilu.cn/account/ajax/login_process/
Thu Dec  9 14:43:58 2021 https://www.jisilu.cn/account/ajax/login_process/
Thu Dec  9 14:44:01 2021 https://www.jisilu.cn/account/ajax/login_process/
Thu Dec  9 14:44:04 2021 https://www.jisilu.cn/account/ajax/login_process/
Thu Dec  9 14:44:07 2021 https://www.jisilu.cn/account/ajax/login_process/
Thu Dec  9 14:44:07 2021 集思录数据获取异常
Fri Dec 10 14:27:07 2021 https://www.jisilu.cn/account/ajax/login_process/
Thu Dec 30 10:37:18 2021 https://www.jisilu.cn/account/ajax/login_process/
Thu Dec 30 10:37:21 2021 https://www.jisilu.cn/account/ajax/login_process/
Thu Dec 30 10:37:24 2021 https://www.jisilu.cn/account/ajax/login_process/
Thu Dec 30 10:37:27 2021 https://www.jisilu.cn/account/ajax/login_process/
Thu Dec 30 10:37:30 2021 https://www.jisilu.cn/account/ajax/login_process/
Thu Dec 30 10:37:33 2021 https://www.jisilu.cn/account/ajax/login_process/
Thu Jan 13 09:45:39 2022 https://www.jisilu.cn/account/ajax/login_process/
Thu Jan 13 09:45:42 2022 https://www.jisilu.cn/account/ajax/login_process/
Thu Jan 13 09:45:45 2022 https://www.jisilu.cn/account/ajax/login_process/
Thu Jan 13 09:45:48 2022 https://www.jisilu.cn/account/ajax/login_process/
Thu Jan 13 09:45:51 2022 https://www.jisilu.cn/account/ajax/login_process/
Thu Jan 27 09:51:04 2022 https://www.jisilu.cn/account/ajax/login_process/
Thu Jan 27 09:51:07 2022 https://www.jisilu.cn/account/ajax/login_process/
Thu Jan 27 09:51:10 2022 https://www.jisilu.cn/account/ajax/login_process/
Thu Jan 27 09:51:13 2022 https://www.jisilu.cn/account/ajax/login_process/
Thu Jan 27 09:51:16 2022 https://www.jisilu.cn/account/ajax/login_process/
Thu Jan 27 09:51:19 2022 https://www.jisilu.cn/account/ajax/login_process/
Thu Jan 27 09:51:22 2022 https://www.jisilu.cn/account/ajax/login_process/
Thu Jan 27 09:51:25 2022 https://www.jisilu.cn/account/ajax/login_process/
Fri Jan 28 10:29:15 2022 https://www.jisilu.cn/account/ajax/login_process/
Fri Jan 28 10:29:18 2022 https://www.jisilu.cn/account/ajax/login_process/
Fri Jan 28 10:29:21 2022 https://www.jisilu.cn/account/ajax/login_process/
Fri Jan 28 10:29:24 2022 https://www.jisilu.cn/account/ajax/login_process/
Fri Jan 28 10:29:27 2022 https://www.jisilu.cn/account/ajax/login_process/
Fri Jan 28 10:29:30 2022 https://www.jisilu.cn/account/ajax/login_process/
Fri Jan 28 10:29:33 2022 https://www.jisilu.cn/account/ajax/login_process/
Fri Jan 28 10:29:36 2022 https://www.jisilu.cn/account/ajax/login_process/
Fri Jan 28 10:29:39 2022 https://www.jisilu.cn/account/ajax/login_process/
Fri Jan 28 10:29:39 2022 集思录数据获取异常
Fri Jan 28 10:30:40 2022 https://www.jisilu.cn/account/ajax/login_process/
Fri Jan 28 10:30:44 2022 https://www.jisilu.cn/account/ajax/login_process/
Fri Jan 28 10:30:48 2022 https://www.jisilu.cn/account/ajax/login_process/
Fri Jan 28 10:30:51 2022 https://www.jisilu.cn/account/ajax/login_process/
Fri Jan 28 10:30:55 2022 https://www.jisilu.cn/account/ajax/login_process/
Fri Jan 28 10:30:59 2022 https://www.jisilu.cn/account/ajax/login_process/
Fri Jan 28 10:31:03 2022 https://www.jisilu.cn/account/ajax/login_process/
Fri Jan 28 10:31:07 2022 https://www.jisilu.cn/account/ajax/login_process/
Fri Jan 28 10:31:11 2022 https://www.jisilu.cn/account/ajax/login_process/
Fri Jan 28 10:31:11 2022 集思录数据获取异常
Fri Jan 28 10:31:18 2022 https://www.jisilu.cn/account/ajax/login_process/
Fri Jan 28 10:31:23 2022 https://www.jisilu.cn/account/ajax/login_process/
Fri Jan 28 10:31:27 2022 https://www.jisilu.cn/account/ajax/login_process/
Fri Jan 28 10:31:31 2022 https://www.jisilu.cn/account/ajax/login_process/
Fri Jan 28 10:31:34 2022 https://www.jisilu.cn/account/ajax/login_process/
Fri Jan 28 10:31:38 2022 https://www.jisilu.cn/account/ajax/login_process/
Fri Jan 28 10:31:42 2022 https://www.jisilu.cn/account/ajax/login_process/
Fri Jan 28 10:31:46 2022 https://www.jisilu.cn/account/ajax/login_process/
Fri Jan 28 10:31:50 2022 https://www.jisilu.cn/account/ajax/login_process/
Fri Jan 28 10:31:50 2022 集思录数据获取异常
Fri Jan 28 10:32:19 2022 https://www.jisilu.cn/account/ajax/login_process/
Fri Jan 28 10:32:23 2022 https://www.jisilu.cn/account/ajax/login_process/
Fri Jan 28 10:32:27 2022 https://www.jisilu.cn/account/ajax/login_process/
Fri Jan 28 10:32:31 2022 https://www.jisilu.cn/account/ajax/login_process/
Fri Jan 28 10:32:35 2022 https://www.jisilu.cn/account/ajax/login_process/
Fri Jan 28 10:32:39 2022 https://www.jisilu.cn/account/ajax/login_process/
Fri Jan 28 10:32:44 2022 https://www.jisilu.cn/account/ajax/login_process/
Fri Jan 28 10:32:48 2022 https://www.jisilu.cn/account/ajax/login_process/
Fri Jan 28 10:32:52 2022 https://www.jisilu.cn/account/ajax/login_process/
Fri Jan 28 10:32:52 2022 集思录数据获取异常